2022-05-30 05:17:56,876 admin added 100 X Frisbee to Inventory
2022-05-30 08:45:29,160 Mod2 added 120 X Cricket Bat to Inventory
2022-05-30 09:52:30,688 Mod2 added 450 X Tennis Balls to Inventory
2022-05-30 09:52:30,691 Mod2 added 10 X Bean Bag to Inventory
2022-05-30 09:52:30,693 Mod2 added 50 X Pencil to Inventory
2022-05-30 09:52:30,695 Mod2 added 70 X Black Board to Inventory
2022-06-01 05:58:09,838 Mod1 added 25 X Crocs to Inventory
2022-06-01 05:58:09,842 Mod1 added 5 X Table Mat to Inventory
2022-06-01 05:58:09,844 Mod1 added 10 X Projector to Inventory
2022-06-01 05:58:09,846 Mod1 added 500 X Knife Rack to Inventory
2022-06-01 06:02:24,904 Mod2 added 500 X Turf to Inventory
2022-06-03 08:48:35,940 Mod1 added 10 X Frisbee to Inventory
2022-06-03 08:51:25,289 Mod1 added 100 X Frisbee to Inventory
2022-06-03 08:51:25,294 Mod1 added 200 X Badminton Shuttle to Inventory
2022-06-03 08:51:25,298 Mod1 added 50 X Water Bottle to Inventory
2022-06-03 08:51:25,301 Mod1 added 100 X Samsung TV to Inventory
2022-06-03 08:51:25,304 Mod1 added 25 X Carpet to Inventory
2022-06-03 08:55:42,488 Mod2 added 450 X Tennis Balls to Inventory
2022-06-03 08:55:42,492 Mod2 added 10 X Bean Bag to Inventory
2022-06-03 08:55:42,495 Mod2 added 50 X Pencil to Inventory
2022-06-03 08:55:42,498 Mod2 added 70 X Black Board to Inventory
2022-06-04 10:04:10,439 Mod2 added 10 X Light Saber to Inventory
