2022-05-30 16:18:22,393 aaryan ordered 50 X Water Bottle
2022-05-30 16:19:29,197 aaryan returned 25 X Water Bottle
2022-06-01 04:40:11,952 Mod1 ordered 30 X Black Board
2022-06-01 04:50:05,056 aaryan ordered 1 X Cricket Bat
2022-06-01 04:56:05,369 aaryan ordered 25 X Water Bottle
2022-06-01 04:56:34,354 aaryan returned 49 X Water Bottle
2022-06-01 05:38:16,267 Mod1 ordered 25 X Pencil
2022-06-01 06:01:21,348 Mod2 ordered 95 X Badminton Shuttle
2022-06-01 09:27:29,586 aaryan returned 1 X Water Bottle
2022-06-01 09:27:44,049 aaryan returned 1 X Cricket Bat
2022-06-03 05:12:36,570 admin ordered 2 X Football
2022-06-03 05:13:10,550 aaryan ordered 2 X Football
2022-06-03 05:56:15,648 aaryan ordered 2 X Football
2022-06-03 05:57:29,354 aaryan ordered 2 X Football
2022-06-03 05:59:29,983 Mod1 ordered 5 X Frisbee
2022-06-03 06:00:15,047 aaryan ordered 1 X Football
2022-06-03 06:23:27,448 aaryan returned 2 X Football
2022-06-03 08:55:02,836 aaryan ordered 20 X Water Bottle
2022-06-04 05:58:25,819 aaryan returned 10 X Water Bottle
2022-06-04 05:58:25,822 aaryan returned 10 X Water Bottle
2022-06-04 10:01:29,309 aaryan ordered 5 X Tennis Balls
2022-06-05 05:23:11,352 aaryan ordered 99 X Frisbee
2022-06-05 05:23:49,463 aaryan returned 10 X Frisbee
2022-06-05 05:23:49,466 aaryan returned 10 X Frisbee
2022-06-05 05:24:17,088 aaryan returned 89 X Frisbee
2022-06-05 05:24:17,093 aaryan returned 89 X Frisbee
2022-06-05 10:49:47,247 aaryan ordered 10 X Frisbee
2022-06-05 10:58:01,641 aaryan returned 5 X Frisbee
2022-06-05 12:25:04,605 aaryan returned 1 X Football
2022-06-05 12:27:20,907 aaryan ordered 1 X Football
2022-06-05 12:30:00,131 aaryan returned 1 X Football
2022-06-05 12:47:22,953 aaryan ordered 5 X Water Bottle
2022-06-05 12:47:26,146 aaryan ordered 5 X Water Bottle
2022-06-05 12:48:13,677 aaryan returned 2 X Tennis Balls
2022-06-05 12:55:28,025 aaryan returned 3 X Tennis Balls
2022-06-06 04:22:03,438 aaryan ordered 5 X Knife Rack
